<?xml version="1.0" encoding="UTF-8"?>
<testsuite name="raf.rs.restaurants.userservice.UserServiceApplicationTests" tests="1" skipped="0" failures="0" errors="0" timestamp="2024-12-13T15:33:53" hostname="DESKTOP-DEFUUS6" time="0.286">
  <properties/>
  <testcase name="contextLoads()" classname="raf.rs.restaurants.userservice.UserServiceApplicationTests" time="0.286"/>
  <system-out><![CDATA[16:33:50.330 [Test worker] INFO org.springframework.test.context.support.AnnotationConfigContextLoaderUtils -- Could not detect default configuration classes for test class [raf.rs.restaurants.userservice.UserServiceApplicationTests]: UserServiceApplicationTests does not declare any static, non-private, non-final, nested classes annotated with @Configuration.
16:33:50.404 [Test worker] INFO org.springframework.boot.test.context.SpringBootTestContextBootstrapper -- Found @SpringBootConfiguration raf.rs.restaurants.userservice.UserServiceApplication for test class raf.rs.restaurants.userservice.UserServiceApplicationTests

  .   ____          _            __ _ _
 /\\ / ___'_ __ _ _(_)_ __  __ _ \ \ \ \
( ( )\___ | '_ | '_| | '_ \/ _` | \ \ \ \
 \\/  ___)| |_)| | | | | || (_| |  ) ) ) )
  '  |____| .__|_| |_|_| |_\__, | / / / /
 =========|_|==============|___/=/_/_/_/

 :: Spring Boot ::                (v3.4.0)

2024-12-13T16:33:50.664+01:00  INFO 37420 --- [user-service] [    Test worker] r.r.r.u.UserServiceApplicationTests      : Starting UserServiceApplicationTests using Java 21.0.3 with PID 37420 (started by HalkiDiki in D:\Dica\Fakultet\5. Semestar\Softverske komponente\restorani\user-service)
2024-12-13T16:33:50.665+01:00  INFO 37420 --- [user-service] [    Test worker] r.r.r.u.UserServiceApplicationTests      : No active profile set, falling back to 1 default profile: "default"
2024-12-13T16:33:51.102+01:00  INFO 37420 --- [user-service] [    Test worker] .s.d.r.c.RepositoryConfigurationDelegate : Bootstrapping Spring Data JPA repositories in DEFAULT mode.
2024-12-13T16:33:51.146+01:00  INFO 37420 --- [user-service] [    Test worker] .s.d.r.c.RepositoryConfigurationDelegate : Finished Spring Data repository scanning in 36 ms. Found 1 JPA repository interface.
2024-12-13T16:33:51.494+01:00  INFO 37420 --- [user-service] [    Test worker] o.hibernate.jpa.internal.util.LogHelper  : HHH000204: Processing PersistenceUnitInfo [name: default]
2024-12-13T16:33:51.553+01:00  INFO 37420 --- [user-service] [    Test worker] org.hibernate.Version                    : HHH000412: Hibernate ORM core version 6.6.2.Final
2024-12-13T16:33:51.602+01:00  INFO 37420 --- [user-service] [    Test worker] o.h.c.internal.RegionFactoryInitiator    : HHH000026: Second-level cache disabled
2024-12-13T16:33:51.831+01:00  INFO 37420 --- [user-service] [    Test worker] o.s.o.j.p.SpringPersistenceUnitInfo      : No LoadTimeWeaver setup: ignoring JPA class transformer
2024-12-13T16:33:51.852+01:00  INFO 37420 --- [user-service] [    Test worker] com.zaxxer.hikari.HikariDataSource       : HikariPool-1 - Starting...
2024-12-13T16:33:51.909+01:00  INFO 37420 --- [user-service] [    Test worker] com.zaxxer.hikari.pool.HikariPool        : HikariPool-1 - Added connection org.mariadb.jdbc.Connection@504b8705
2024-12-13T16:33:51.910+01:00  INFO 37420 --- [user-service] [    Test worker] com.zaxxer.hikari.HikariDataSource       : HikariPool-1 - Start completed.
2024-12-13T16:33:51.942+01:00  INFO 37420 --- [user-service] [    Test worker] org.hibernate.orm.connections.pooling    : HHH10001005: Database info:
	Database JDBC URL [Connecting through datasource 'HikariDataSource (HikariPool-1)']
	Database driver: undefined/unknown
	Database version: 11.6.2
	Autocommit mode: undefined/unknown
	Isolation level: undefined/unknown
	Minimum pool size: undefined/unknown
	Maximum pool size: undefined/unknown
2024-12-13T16:33:52.457+01:00  INFO 37420 --- [user-service] [    Test worker] o.h.e.t.j.p.i.JtaPlatformInitiator       : HHH000489: No JTA platform available (set 'hibernate.transaction.jta.platform' to enable JTA platform integration)
2024-12-13T16:33:52.483+01:00  INFO 37420 --- [user-service] [    Test worker] j.LocalContainerEntityManagerFactoryBean : Initialized JPA EntityManagerFactory for persistence unit 'default'
2024-12-13T16:33:52.885+01:00  WARN 37420 --- [user-service] [    Test worker] JpaBaseConfiguration$JpaWebConfiguration : spring.jpa.open-in-view is enabled by default. Therefore, database queries may be performed during view rendering. Explicitly configure spring.jpa.open-in-view to disable this warning
2024-12-13T16:33:53.171+01:00  INFO 37420 --- [user-service] [    Test worker] r.r.r.u.UserServiceApplicationTests      : Started UserServiceApplicationTests in 2.663 seconds (process running for 3.398)
]]></system-out>
  <system-err><![CDATA[Mockito is currently self-attaching to enable the inline-mock-maker. This will no longer work in future releases of the JDK. Please add Mockito as an agent to your build what is described in Mockito's documentation: https://javadoc.io/doc/org.mockito/mockito-core/latest/org/mockito/Mockito.html#0.3
WARNING: A Java agent has been loaded dynamically (C:\Users\HalkiDiki\.gradle\caches\modules-2\files-2.1\net.bytebuddy\byte-buddy-agent\1.15.10\e8eb255b2c378b9a6c7341e7b0e12f0a5636377\byte-buddy-agent-1.15.10.jar)
WARNING: If a serviceability tool is in use, please run with -XX:+EnableDynamicAgentLoading to hide this warning
WARNING: If a serviceability tool is not in use, please run with -Djdk.instrument.traceUsage for more information
WARNING: Dynamic loading of agents will be disallowed by default in a future release
]]></system-err>
</testsuite>
